2015-08-07 11:25:18 1308 [Note] Plugin 'FEDERATED' is disabled.
2015-08-07 11:25:18 1308 [Note] InnoDB: Using atomics to ref count buffer pool pages
2015-08-07 11:25:18 1308 [Note] InnoDB: The InnoDB memory heap is disabled
2015-08-07 11:25:18 1308 [Note] InnoDB: Mutexes and rw_locks use Windows interlocked functions
2015-08-07 11:25:18 1308 [Note] InnoDB: Memory barrier is not used
2015-08-07 11:25:18 1308 [Note] InnoDB: Compressed tables use zlib 1.2.3
2015-08-07 11:25:18 1308 [Note] InnoDB: Not using CPU crc32 instructions
2015-08-07 11:25:18 1308 [Note] InnoDB: Initializing buffer pool, size = 128.0M
2015-08-07 11:25:18 1308 [Note] InnoDB: Completed initialization of buffer pool
2015-08-07 11:25:18 1308 [Note] InnoDB: Highest supported file format is Barracuda.
2015-08-07 11:25:18 1308 [Note] InnoDB: 128 rollback segment(s) are active.
2015-08-07 11:25:18 1308 [Note] InnoDB: Waiting for purge to start
2015-08-07 11:25:18 1308 [Note] InnoDB: 5.6.26 started; log sequence number 1625977
2015-08-07 11:25:18 1308 [Warning] No existing UUID has been found, so we assume that this is the first time that this server has been started. Generating a new UUID: d6675ae6-3cdd-11e5-9a6d-002522e7b11f.
2015-08-07 11:25:18 1308 [Note] Server hostname (bind-address): '*'; port: 3306
2015-08-07 11:25:18 1308 [Note] IPv6 is available.
2015-08-07 11:25:18 1308 [Note]   - '::' resolves to '::';
2015-08-07 11:25:18 1308 [Note] Server socket created on IP: '::'.
2015-08-07 11:25:18 1308 [Note] Event Scheduler: Loaded 0 events
2015-08-07 11:25:18 1308 [Note] MySQL: ready for connections.
Version: '5.6.26'  socket: ''  port: 3306  MySQL Community Server (GPL)
2015-08-08 18:37:38 1308 [Warning] Did not write failed 'REVOKE ALL PRIVILEGES ON `phpmyadmin`.* FROM 'pma'@'%'' into binary log while granting/revoking privileges in databases.
